[02-28 22:39:54]135,Стрела 01, Character ID:1
[02-28 22:39:54]149,Порох 01, Character ID:1
[02-28 22:39:54]200,Левая гипсовая перчатка, Character ID:1
[02-28 22:39:54]201,Левая перчатка драчуна, Character ID:1
[02-28 22:39:54]202,Левая перчатка мастера, Character ID:1
[02-28 22:39:54]203,Левое зубчатое лезвие, Character ID:1
[02-28 22:39:54]204,Левый астральный клинок, Character ID:1
[02-28 22:39:54]205,Левая тигровая перчатка, Character ID:1
[02-28 22:39:54]206,Левая рука смерти, Character ID:1
[02-28 22:39:54]635,Коралл удара 1 ур., Character ID:2
[02-28 22:39:54]636,Коралл удара 2 ур., Character ID:2
[02-28 22:39:54]637,Коралл удара 3 ур., Character ID:2
[02-28 22:39:54]638,Коралл удара 4 ур. , Character ID:2
[02-28 22:39:54]639,Коралл удара 5 ур. , Character ID:2
[02-28 22:39:54]1124,Каменный торс Хаоса, Character ID:1
[02-28 22:39:54]1125,Каменная рука Хаоса, Character ID:1
[02-28 22:39:54]1126,Каменная нога Хаоса, Character ID:1
[02-28 22:39:54]1127,Коронационный камень Хаоса, Character ID:4
[02-28 22:39:54]1999,Неудавшаяся прическа Ланса 1, Character ID:2
[02-28 22:39:54]2000,Прическа 1, Character ID:2
[02-28 22:39:54]2001,Прическа 2, Character ID:2
[02-28 22:39:54]2002,Прическа 3, Character ID:2
[02-28 22:39:54]2003,Прическа 4, Character ID:2
[02-28 22:39:54]2004,Прическа 5, Character ID:2
[02-28 22:39:54]2005,Прическа 6, Character ID:2
[02-28 22:39:54]2006,Прическа 7, Character ID:2
[02-28 22:39:54]2007,Прическа 8, Character ID:2
[02-28 22:39:54]2008,Порученец, Character ID:2
[02-28 22:39:54]2009,Прическа 1, Character ID:2
[02-28 22:39:54]2010,Прическа 1, Character ID:2
[02-28 22:39:54]2011,Прическа 1, Character ID:2
[02-28 22:39:54]2012,Прическа 1, Character ID:2
[02-28 22:39:54]2013,Прическа 1, Character ID:2
[02-28 22:39:54]2014,Прическа 1, Character ID:2
[02-28 22:39:54]2015,Прическа 2, Character ID:2
[02-28 22:39:54]2016,Прическа 2, Character ID:2
[02-28 22:39:54]2017,Прическа 2, Character ID:2
[02-28 22:39:54]2018,Прическа 2, Character ID:2
[02-28 22:39:54]2019,Прическа 2, Character ID:2
[02-28 22:39:54]2020,Прическа 2, Character ID:2
[02-28 22:39:54]2021,Прическа 3, Character ID:2
[02-28 22:39:54]2022,Прическа 3, Character ID:2
[02-28 22:39:54]2023,Прическа 3, Character ID:2
[02-28 22:39:54]2024,Прическа 3, Character ID:2
[02-28 22:39:54]2025,Прическа 3, Character ID:2
[02-28 22:39:54]2026,Прическа 3, Character ID:2
[02-28 22:39:54]2027,Прическа 4, Character ID:2
[02-28 22:39:54]2028,Прическа 4, Character ID:2
[02-28 22:39:54]2029,Прическа 4, Character ID:2
[02-28 22:39:54]2030,Прическа 4, Character ID:2
[02-28 22:39:54]2031,Прическа 4, Character ID:2
[02-28 22:39:54]2032,Прическа 4, Character ID:2
[02-28 22:39:54]2033,Прическа 5, Character ID:2
[02-28 22:39:54]2034,Прическа 5, Character ID:2
[02-28 22:39:54]2035,Прическа 5, Character ID:2
[02-28 22:39:54]2036,Прическа 5, Character ID:2
[02-28 22:39:54]2037,Прическа 5, Character ID:2
[02-28 22:39:54]2038,Прическа 5, Character ID:2
[02-28 22:39:54]2039,Прическа 5, Character ID:2
[02-28 22:39:54]2040,Прическа 6, Character ID:2
[02-28 22:39:54]2041,Прическа 6, Character ID:2
[02-28 22:39:54]2042,Прическа 6, Character ID:2
[02-28 22:39:54]2043,Прическа 6, Character ID:2
[02-28 22:39:54]2044,Прическа 6, Character ID:2
[02-28 22:39:54]2045,Прическа 6, Character ID:2
[02-28 22:39:54]2046,Прическа 6, Character ID:2
[02-28 22:39:54]2047,Прическа 7, Character ID:2
[02-28 22:39:54]2048,Прическа 7, Character ID:2
[02-28 22:39:54]2049,Прическа 7, Character ID:2
[02-28 22:39:54]2050,Прическа 7, Character ID:2
[02-28 22:39:54]2051,Прическа 7, Character ID:2
[02-28 22:39:54]2052,Прическа 7, Character ID:2
[02-28 22:39:54]2053,Прическа 7, Character ID:2
[02-28 22:39:54]2054,Прическа 8, Character ID:2
[02-28 22:39:54]2055,Прическа 8, Character ID:2
[02-28 22:39:54]2056,Прическа 8, Character ID:2
[02-28 22:39:54]2057,Прическа 8, Character ID:2
[02-28 22:39:54]2058,Прическа 8, Character ID:2
[02-28 22:39:54]2059,Прическа 8, Character ID:2
[02-28 22:39:54]2060,Мужская 1 прическа - налысо, Character ID:2
[02-28 22:39:54]2061,Неудавшаяся прическа Ланса 2, Character ID:2
[02-28 22:39:54]2062,Прическа 1, Character ID:1
[02-28 22:39:54]2063,Прическа 2, Character ID:1
[02-28 22:39:54]2064,Прическа 3, Character ID:1
[02-28 22:39:54]2065,Прическа 4, Character ID:1
[02-28 22:39:54]2066,Прическа 5, Character ID:1
[02-28 22:39:54]2067,Прическа 6, Character ID:1
[02-28 22:39:54]2068,Прическа 7, Character ID:1
[02-28 22:39:54]2069,Прическа 8, Character ID:1
[02-28 22:39:54]2070,Порученец, Character ID:1
[02-28 22:39:54]2071,Прическа 1, Character ID:1
[02-28 22:39:54]2072,Прическа 1, Character ID:1
[02-28 22:39:54]2073,Прическа 1, Character ID:1
[02-28 22:39:54]2074,Прическа 1, Character ID:1
[02-28 22:39:54]2075,Прическа 1, Character ID:1
[02-28 22:39:54]2076,Прическа 1, Character ID:1
[02-28 22:39:54]2077,Прическа 1, Character ID:1
[02-28 22:39:54]2078,Прическа 2, Character ID:1
[02-28 22:39:54]2079,Прическа 2, Character ID:1
[02-28 22:39:54]2080,Прическа 2, Character ID:1
[02-28 22:39:54]2081,Прическа 2, Character ID:1
[02-28 22:39:54]2082,Прическа 2, Character ID:1
[02-28 22:39:54]2083,Прическа 2, Character ID:1
[02-28 22:39:54]2084,Прическа 3, Character ID:1
[02-28 22:39:54]2085,Прическа 3, Character ID:1
[02-28 22:39:54]2086,Прическа 3, Character ID:1
[02-28 22:39:54]2087,Прическа 3, Character ID:1
[02-28 22:39:54]2088,Прическа 3, Character ID:1
[02-28 22:39:54]2089,Прическа 3, Character ID:1
[02-28 22:39:54]2090,Прическа 4, Character ID:1
[02-28 22:39:54]2091,Прическа 4, Character ID:1
[02-28 22:39:54]2092,Прическа 4, Character ID:1
[02-28 22:39:54]2093,Прическа 4, Character ID:1
[02-28 22:39:54]2094,Прическа 4, Character ID:1
[02-28 22:39:54]2095,Прическа 4, Character ID:1
[02-28 22:39:54]2096,Прическа 4, Character ID:1
[02-28 22:39:54]2097,Прическа 5, Character ID:1
[02-28 22:39:54]2098,Прическа 5, Character ID:1
[02-28 22:39:54]2099,Прическа 5, Character ID:1
[02-28 22:39:54]2100,Прическа 5, Character ID:1
[02-28 22:39:54]2101,Прическа 6, Character ID:1
[02-28 22:39:54]2102,Прическа 6, Character ID:1
[02-28 22:39:54]2103,Прическа 6, Character ID:1
[02-28 22:39:54]2104,Прическа 6, Character ID:1
[02-28 22:39:54]2105,Прическа 6, Character ID:1
[02-28 22:39:54]2106,Прическа 6, Character ID:1
[02-28 22:39:54]2107,Прическа 6, Character ID:1
[02-28 22:39:54]2108,Прическа 7, Character ID:1
[02-28 22:39:54]2109,Прическа 7, Character ID:1
[02-28 22:39:54]2110,Прическа 7, Character ID:1
[02-28 22:39:54]2111,Прическа 7, Character ID:1
[02-28 22:39:54]2112,Прическа 7, Character ID:1
[02-28 22:39:54]2113,Прическа 7, Character ID:1
[02-28 22:39:54]2114,Прическа 8, Character ID:1
[02-28 22:39:54]2115,Прическа 8, Character ID:1
[02-28 22:39:54]2116,Прическа 8, Character ID:1
[02-28 22:39:54]2117,Прическа 8, Character ID:1
[02-28 22:39:54]2118,Прическа 8, Character ID:1
[02-28 22:39:54]2119,Прическа 8, Character ID:1
[02-28 22:39:54]2120,Прическа 8, Character ID:1
[02-28 22:39:54]2121,Неудачная прическа Карциз 1, Character ID:1
[02-28 22:39:54]2122,Мужская 2 короткая прическа, Character ID:1
[02-28 22:39:54]2123,Неудачная прическа Карциз 2, Character ID:1
[02-28 22:39:54]2124,Прическа 1, Character ID:1
[02-28 22:39:54]2125,Прическа 2, Character ID:1
[02-28 22:39:54]2126,Прическа 3, Character ID:1
[02-28 22:39:54]2127,Прическа 4, Character ID:1
[02-28 22:39:54]2128,Прическа 5, Character ID:1
[02-28 22:39:54]2129,Прическа 6, Character ID:1
[02-28 22:39:54]2130,Прическа 7, Character ID:1
[02-28 22:39:54]2131,Прическа 8, Character ID:1
[02-28 22:39:54]2132,Порученец, Character ID:1
[02-28 22:39:54]2133,Прическа 1, Character ID:1
[02-28 22:39:54]2134,Прическа 1, Character ID:1
[02-28 22:39:54]2135,Прическа 1, Character ID:1
[02-28 22:39:54]2136,Прическа 1, Character ID:1
[02-28 22:39:54]2137,Прическа 1, Character ID:1
[02-28 22:39:54]2138,Прическа 1, Character ID:1
[02-28 22:39:54]2139,Прическа 1, Character ID:1
[02-28 22:39:54]2140,Прическа 2, Character ID:1
[02-28 22:39:54]2141,Прическа 2, Character ID:1
[02-28 22:39:54]2142,Прическа 2, Character ID:1
[02-28 22:39:54]2143,Прическа 2, Character ID:1
[02-28 22:39:54]2144,Прическа 2, Character ID:1
[02-28 22:39:54]2145,Прическа 2, Character ID:1
[02-28 22:39:54]2146,Прическа 3, Character ID:1
[02-28 22:39:54]2147,Прическа 3, Character ID:1
[02-28 22:39:54]2148,Прическа 3, Character ID:1
[02-28 22:39:54]2149,Прическа 3, Character ID:1
[02-28 22:39:54]2150,Прическа 3, Character ID:1
[02-28 22:39:54]2151,Прическа 3, Character ID:1
[02-28 22:39:54]2152,Прическа 4, Character ID:1
[02-28 22:39:54]2153,Прическа 4, Character ID:1
[02-28 22:39:54]2154,Прическа 4, Character ID:1
[02-28 22:39:54]2155,Прическа 4, Character ID:1
[02-28 22:39:54]2156,Прическа 4, Character ID:1
[02-28 22:39:54]2157,Прическа 4, Character ID:1
[02-28 22:39:54]2158,Прическа 5, Character ID:1
[02-28 22:39:54]2159,Прическа 5, Character ID:1
[02-28 22:39:54]2160,Прическа 5, Character ID:1
[02-28 22:39:54]2161,Прическа 5, Character ID:1
[02-28 22:39:54]2162,Прическа 5, Character ID:1
[02-28 22:39:54]2163,Прическа 5, Character ID:1
[02-28 22:39:54]2164,Прическа 6, Character ID:1
[02-28 22:39:54]2165,Прическа 6, Character ID:1
[02-28 22:39:54]2166,Прическа 6, Character ID:1
[02-28 22:39:54]2167,Прическа 6, Character ID:1
[02-28 22:39:54]2168,Прическа 6, Character ID:1
[02-28 22:39:54]2169,Прическа 6, Character ID:1
[02-28 22:39:54]2170,Прическа 7, Character ID:1
[02-28 22:39:54]2171,Прическа 7, Character ID:1
[02-28 22:39:54]2172,Прическа 7, Character ID:1
[02-28 22:39:54]2173,Прическа 7, Character ID:1
[02-28 22:39:54]2174,Прическа 7, Character ID:1
[02-28 22:39:54]2175,Прическа 7, Character ID:1
[02-28 22:39:54]2176,Прическа 8, Character ID:1
[02-28 22:39:54]2177,Прическа 8, Character ID:1
[02-28 22:39:54]2178,Прическа 8, Character ID:1
[02-28 22:39:54]2179,Прическа 8, Character ID:1
[02-28 22:39:54]2180,Прическа 8, Character ID:1
[02-28 22:39:54]2181,Прическа 8, Character ID:1
[02-28 22:39:54]2182,Неудавшаяся прическа Филлис 1, Character ID:1
[02-28 22:39:54]2183,Неудачные прически Филлис 2, Character ID:1
[02-28 22:39:54]2184,Девичья 1 короткая прическа, Character ID:1
[02-28 22:39:54]2185,Девичья 1 прическа 01, Character ID:1
[02-28 22:39:54]2186,Девичья 2 прическа 00, Character ID:1
[02-28 22:39:54]2275,Модная прическа Ланса 1, Character ID:4
[02-28 22:39:54]2276,Модная прическа Ланса 2, Character ID:4
[02-28 22:39:54]2277,Модная прическа Ланса 3, Character ID:4
[02-28 22:39:54]2278,Модная прическа Ланса 4, Character ID:4
[02-28 22:39:54]2279,Модная прическа Карциз 1, Character ID:4
[02-28 22:39:54]2280,Модная прическа Карциз 2, Character ID:4
[02-28 22:39:54]2281,Модная прическа Карциз 3, Character ID:4
[02-28 22:39:54]2282,Модная прическа Карциз 4, Character ID:4
[02-28 22:39:54]2283,Модная прическа Филлис 1, Character ID:4
[02-28 22:39:54]2284,Модная прическа Филлис 2, Character ID:4
[02-28 22:39:54]2285,Модная прическа Филлис 3, Character ID:4
[02-28 22:39:54]2286,Модная прическа Филлис 4, Character ID:4
[02-28 22:39:54]2434,Стрела 02, Character ID:1
[02-28 22:39:54]2448,Порох 02, Character ID:1
[02-28 22:39:54]2499,Левая гипсовая перчатка, Character ID:1
[02-28 22:39:54]2500,Левая перчатка драчуна, Character ID:1
[02-28 22:39:54]2501,Левая перчатка мастера, Character ID:1
[02-28 22:39:54]2502,Левое зубчатое лезвие, Character ID:1
[02-28 22:39:54]2503,Левый астральный клинок, Character ID:1
[02-28 22:39:54]2504,Левая тигровая перчатка, Character ID:1
[02-28 22:39:54]2505,Левая рука смерти, Character ID:1
[02-28 22:39:54]2530,Каменный торс Гефеста, Character ID:2
[02-28 22:39:54]2531,Каменная рука Гефеста, Character ID:2
[02-28 22:39:54]2532,Каменная нога Гефеста, Character ID:2
[02-28 22:39:54]2533,Каменный торс Гермеса, Character ID:1
[02-28 22:39:54]2534,Каменная рука Гермеса, Character ID:1
[02-28 22:39:54]2535,Каменная нога Гермеса, Character ID:1
[02-28 22:39:54]2536,Каменный торс Аполлона, Character ID:1
[02-28 22:39:54]2537,Каменная рука  Аполлона, Character ID:1
[02-28 22:39:54]2538,Каменная нога  Аполлона, Character ID:1
[02-28 22:39:54]2539,Каменный торс Посейдона, Character ID:1
[02-28 22:39:54]2540,Каменная рука Посейдона, Character ID:1
[02-28 22:39:54]2541,Каменная нога Посейдона, Character ID:1
[02-28 22:39:54]2542,Каменный торс Гестии, Character ID:3
[02-28 22:39:54]2543,Каменная рука Гестии, Character ID:3
[02-28 22:39:54]2544,Каменная нога Гестии, Character ID:3
[02-28 22:39:54]2545,Каменный торс Афины, Character ID:3
[02-28 22:39:54]2546,Каменная рука Афины, Character ID:3
[02-28 22:39:54]2547,Каменная нога Афины, Character ID:3
[02-28 22:39:54]2548,Коронный камень Артемиды, Character ID:4
[02-28 22:39:54]3061,Медвежьи башмаки, Character ID:4
[02-28 22:39:54]3285,Калькулятор, Character ID:1
[02-28 22:39:54]3287,Портативный компьютер, Character ID:1
[02-28 22:39:55]5071,Большой меч кадавра, Character ID:1
[02-28 22:39:55]5074,Кинжал мертвеца, Character ID:2
[02-28 22:39:55]5081,Камзол кошмара, Character ID:1
[02-28 22:39:55]5082,Перчатки кошмара, Character ID:1
[02-28 22:39:55]5083,Сапоги кошмара, Character ID:1
[02-28 22:39:55]5209,Могучий топор Августа 1, Character ID:1
[02-28 22:39:55]5212,Кинжал Августа 1, Character ID:2
[02-28 22:39:55]5214,Могучий топор Августа 2, Character ID:1
[02-28 22:39:55]5217,Кинжал Августа 2, Character ID:2
