[02-27 22:31:30]Add LG [error]
[02-27 22:31:30]Add LG [iteminfoerror]
[02-27 22:31:32]Add LG [exit]
[02-27 22:48:31]Add LG [init]
[02-27 22:48:31]Close All LG
[02-27 22:48:31]CloseAll consume 0s
[02-27 22:48:31]Close consume 0s
[02-27 22:48:31]Close All LG
[02-27 22:48:31]CloseAll consume 0s
[02-27 22:48:31]Close consume 0s
[02-27 22:49:49]Add LG [init]
[02-27 22:49:49]Close All LG
[02-27 22:49:49]CloseAll consume 0s
[02-27 22:49:49]Close consume 0s
[02-27 22:49:49]Close All LG
[02-27 22:49:49]CloseAll consume 0s
[02-27 22:49:49]Close consume 0s
[02-27 22:54:06]Add LG [init]
[02-27 22:54:06]Close All LG
[02-27 22:54:06]CloseAll consume 0s
[02-27 22:54:06]Close consume 0s
[02-27 22:54:06]Close All LG
[02-27 22:54:07]CloseAll consume 0s
[02-27 22:54:07]Close consume 0s
