[02-27 22:48:31]135,Стрела 01, Character ID:1
[02-27 22:48:31]149,Порох 01, Character ID:1
[02-27 22:48:31]200,Левая гипсовая перчатка, Character ID:1
[02-27 22:48:31]201,Левая перчатка драчуна, Character ID:1
[02-27 22:48:31]202,Левая перчатка мастера, Character ID:1
[02-27 22:48:31]203,Левое зубчатое лезвие, Character ID:1
[02-27 22:48:31]204,Левый астральный клинок, Character ID:1
[02-27 22:48:31]205,Левая тигровая перчатка, Character ID:1
[02-27 22:48:31]206,Левая рука смерти, Character ID:1
[02-27 22:48:31]635,Коралл удара 1 ур., Character ID:2
[02-27 22:48:31]636,Коралл удара 2 ур., Character ID:2
[02-27 22:48:31]637,Коралл удара 3 ур., Character ID:2
[02-27 22:48:31]638,Коралл удара 4 ур. , Character ID:2
[02-27 22:48:31]639,Коралл удара 5 ур. , Character ID:2
[02-27 22:48:31]1124,Каменный торс Хаоса, Character ID:1
[02-27 22:48:31]1125,Каменная рука Хаоса, Character ID:1
[02-27 22:48:31]1126,Каменная нога Хаоса, Character ID:1
[02-27 22:48:31]1127,Коронационный камень Хаоса, Character ID:4
[02-27 22:48:32]1999,Неудавшаяся прическа Ланса 1, Character ID:2
[02-27 22:48:32]2000,Прическа 1, Character ID:2
[02-27 22:48:32]2001,Прическа 2, Character ID:2
[02-27 22:48:32]2002,Прическа 3, Character ID:2
[02-27 22:48:32]2003,Прическа 4, Character ID:2
[02-27 22:48:32]2004,Прическа 5, Character ID:2
[02-27 22:48:32]2005,Прическа 6, Character ID:2
[02-27 22:48:32]2006,Прическа 7, Character ID:2
[02-27 22:48:32]2007,Прическа 8, Character ID:2
[02-27 22:48:32]2008,Порученец, Character ID:2
[02-27 22:48:32]2009,Прическа 1, Character ID:2
[02-27 22:48:32]2010,Прическа 1, Character ID:2
[02-27 22:48:32]2011,Прическа 1, Character ID:2
[02-27 22:48:32]2012,Прическа 1, Character ID:2
[02-27 22:48:32]2013,Прическа 1, Character ID:2
[02-27 22:48:32]2014,Прическа 1, Character ID:2
[02-27 22:48:32]2015,Прическа 2, Character ID:2
[02-27 22:48:32]2016,Прическа 2, Character ID:2
[02-27 22:48:32]2017,Прическа 2, Character ID:2
[02-27 22:48:32]2018,Прическа 2, Character ID:2
[02-27 22:48:32]2019,Прическа 2, Character ID:2
[02-27 22:48:32]2020,Прическа 2, Character ID:2
[02-27 22:48:32]2021,Прическа 3, Character ID:2
[02-27 22:48:32]2022,Прическа 3, Character ID:2
[02-27 22:48:32]2023,Прическа 3, Character ID:2
[02-27 22:48:32]2024,Прическа 3, Character ID:2
[02-27 22:48:32]2025,Прическа 3, Character ID:2
[02-27 22:48:32]2026,Прическа 3, Character ID:2
[02-27 22:48:32]2027,Прическа 4, Character ID:2
[02-27 22:48:32]2028,Прическа 4, Character ID:2
[02-27 22:48:32]2029,Прическа 4, Character ID:2
[02-27 22:48:32]2030,Прическа 4, Character ID:2
[02-27 22:48:32]2031,Прическа 4, Character ID:2
[02-27 22:48:32]2032,Прическа 4, Character ID:2
[02-27 22:48:32]2033,Прическа 5, Character ID:2
[02-27 22:48:32]2034,Прическа 5, Character ID:2
[02-27 22:48:32]2035,Прическа 5, Character ID:2
[02-27 22:48:32]2036,Прическа 5, Character ID:2
[02-27 22:48:32]2037,Прическа 5, Character ID:2
[02-27 22:48:32]2038,Прическа 5, Character ID:2
[02-27 22:48:32]2039,Прическа 5, Character ID:2
[02-27 22:48:32]2040,Прическа 6, Character ID:2
[02-27 22:48:32]2041,Прическа 6, Character ID:2
[02-27 22:48:32]2042,Прическа 6, Character ID:2
[02-27 22:48:32]2043,Прическа 6, Character ID:2
[02-27 22:48:32]2044,Прическа 6, Character ID:2
[02-27 22:48:32]2045,Прическа 6, Character ID:2
[02-27 22:48:32]2046,Прическа 6, Character ID:2
[02-27 22:48:32]2047,Прическа 7, Character ID:2
[02-27 22:48:32]2048,Прическа 7, Character ID:2
[02-27 22:48:32]2049,Прическа 7, Character ID:2
[02-27 22:48:32]2050,Прическа 7, Character ID:2
[02-27 22:48:32]2051,Прическа 7, Character ID:2
[02-27 22:48:32]2052,Прическа 7, Character ID:2
[02-27 22:48:32]2053,Прическа 7, Character ID:2
[02-27 22:48:32]2054,Прическа 8, Character ID:2
[02-27 22:48:32]2055,Прическа 8, Character ID:2
[02-27 22:48:32]2056,Прическа 8, Character ID:2
[02-27 22:48:32]2057,Прическа 8, Character ID:2
[02-27 22:48:32]2058,Прическа 8, Character ID:2
[02-27 22:48:32]2059,Прическа 8, Character ID:2
[02-27 22:48:32]2060,Мужская 1 прическа - налысо, Character ID:2
[02-27 22:48:32]2061,Неудавшаяся прическа Ланса 2, Character ID:2
[02-27 22:48:32]2062,Прическа 1, Character ID:1
[02-27 22:48:32]2063,Прическа 2, Character ID:1
[02-27 22:48:32]2064,Прическа 3, Character ID:1
[02-27 22:48:32]2065,Прическа 4, Character ID:1
[02-27 22:48:32]2066,Прическа 5, Character ID:1
[02-27 22:48:32]2067,Прическа 6, Character ID:1
[02-27 22:48:32]2068,Прическа 7, Character ID:1
[02-27 22:48:32]2069,Прическа 8, Character ID:1
[02-27 22:48:32]2070,Порученец, Character ID:1
[02-27 22:48:32]2071,Прическа 1, Character ID:1
[02-27 22:48:32]2072,Прическа 1, Character ID:1
[02-27 22:48:32]2073,Прическа 1, Character ID:1
[02-27 22:48:32]2074,Прическа 1, Character ID:1
[02-27 22:48:32]2075,Прическа 1, Character ID:1
[02-27 22:48:32]2076,Прическа 1, Character ID:1
[02-27 22:48:32]2077,Прическа 1, Character ID:1
[02-27 22:48:32]2078,Прическа 2, Character ID:1
[02-27 22:48:32]2079,Прическа 2, Character ID:1
[02-27 22:48:32]2080,Прическа 2, Character ID:1
[02-27 22:48:32]2081,Прическа 2, Character ID:1
[02-27 22:48:32]2082,Прическа 2, Character ID:1
[02-27 22:48:32]2083,Прическа 2, Character ID:1
[02-27 22:48:32]2084,Прическа 3, Character ID:1
[02-27 22:48:32]2085,Прическа 3, Character ID:1
[02-27 22:48:32]2086,Прическа 3, Character ID:1
[02-27 22:48:32]2087,Прическа 3, Character ID:1
[02-27 22:48:32]2088,Прическа 3, Character ID:1
[02-27 22:48:32]2089,Прическа 3, Character ID:1
[02-27 22:48:32]2090,Прическа 4, Character ID:1
[02-27 22:48:32]2091,Прическа 4, Character ID:1
[02-27 22:48:32]2092,Прическа 4, Character ID:1
[02-27 22:48:32]2093,Прическа 4, Character ID:1
[02-27 22:48:32]2094,Прическа 4, Character ID:1
[02-27 22:48:32]2095,Прическа 4, Character ID:1
[02-27 22:48:32]2096,Прическа 4, Character ID:1
[02-27 22:48:32]2097,Прическа 5, Character ID:1
[02-27 22:48:32]2098,Прическа 5, Character ID:1
[02-27 22:48:32]2099,Прическа 5, Character ID:1
[02-27 22:48:32]2100,Прическа 5, Character ID:1
[02-27 22:48:32]2101,Прическа 6, Character ID:1
[02-27 22:48:32]2102,Прическа 6, Character ID:1
[02-27 22:48:32]2103,Прическа 6, Character ID:1
[02-27 22:48:32]2104,Прическа 6, Character ID:1
[02-27 22:48:32]2105,Прическа 6, Character ID:1
[02-27 22:48:32]2106,Прическа 6, Character ID:1
[02-27 22:48:32]2107,Прическа 6, Character ID:1
[02-27 22:48:32]2108,Прическа 7, Character ID:1
[02-27 22:48:32]2109,Прическа 7, Character ID:1
[02-27 22:48:32]2110,Прическа 7, Character ID:1
[02-27 22:48:32]2111,Прическа 7, Character ID:1
[02-27 22:48:32]2112,Прическа 7, Character ID:1
[02-27 22:48:32]2113,Прическа 7, Character ID:1
[02-27 22:48:32]2114,Прическа 8, Character ID:1
[02-27 22:48:32]2115,Прическа 8, Character ID:1
[02-27 22:48:32]2116,Прическа 8, Character ID:1
[02-27 22:48:32]2117,Прическа 8, Character ID:1
[02-27 22:48:32]2118,Прическа 8, Character ID:1
[02-27 22:48:32]2119,Прическа 8, Character ID:1
[02-27 22:48:32]2120,Прическа 8, Character ID:1
[02-27 22:48:32]2121,Неудачная прическа Карциз 1, Character ID:1
[02-27 22:48:32]2122,Мужская 2 короткая прическа, Character ID:1
[02-27 22:48:32]2123,Неудачная прическа Карциз 2, Character ID:1
[02-27 22:48:32]2124,Прическа 1, Character ID:1
[02-27 22:48:32]2125,Прическа 2, Character ID:1
[02-27 22:48:32]2126,Прическа 3, Character ID:1
[02-27 22:48:32]2127,Прическа 4, Character ID:1
[02-27 22:48:32]2128,Прическа 5, Character ID:1
[02-27 22:48:32]2129,Прическа 6, Character ID:1
[02-27 22:48:32]2130,Прическа 7, Character ID:1
[02-27 22:48:32]2131,Прическа 8, Character ID:1
[02-27 22:48:32]2132,Порученец, Character ID:1
[02-27 22:48:32]2133,Прическа 1, Character ID:1
[02-27 22:48:32]2134,Прическа 1, Character ID:1
[02-27 22:48:32]2135,Прическа 1, Character ID:1
[02-27 22:48:32]2136,Прическа 1, Character ID:1
[02-27 22:48:32]2137,Прическа 1, Character ID:1
[02-27 22:48:32]2138,Прическа 1, Character ID:1
[02-27 22:48:32]2139,Прическа 1, Character ID:1
[02-27 22:48:32]2140,Прическа 2, Character ID:1
[02-27 22:48:32]2141,Прическа 2, Character ID:1
[02-27 22:48:32]2142,Прическа 2, Character ID:1
[02-27 22:48:32]2143,Прическа 2, Character ID:1
[02-27 22:48:32]2144,Прическа 2, Character ID:1
[02-27 22:48:32]2145,Прическа 2, Character ID:1
[02-27 22:48:32]2146,Прическа 3, Character ID:1
[02-27 22:48:32]2147,Прическа 3, Character ID:1
[02-27 22:48:32]2148,Прическа 3, Character ID:1
[02-27 22:48:32]2149,Прическа 3, Character ID:1
[02-27 22:48:32]2150,Прическа 3, Character ID:1
[02-27 22:48:32]2151,Прическа 3, Character ID:1
[02-27 22:48:32]2152,Прическа 4, Character ID:1
[02-27 22:48:32]2153,Прическа 4, Character ID:1
[02-27 22:48:32]2154,Прическа 4, Character ID:1
[02-27 22:48:32]2155,Прическа 4, Character ID:1
[02-27 22:48:32]2156,Прическа 4, Character ID:1
[02-27 22:48:32]2157,Прическа 4, Character ID:1
[02-27 22:48:32]2158,Прическа 5, Character ID:1
[02-27 22:48:32]2159,Прическа 5, Character ID:1
[02-27 22:48:32]2160,Прическа 5, Character ID:1
[02-27 22:48:32]2161,Прическа 5, Character ID:1
[02-27 22:48:32]2162,Прическа 5, Character ID:1
[02-27 22:48:32]2163,Прическа 5, Character ID:1
[02-27 22:48:32]2164,Прическа 6, Character ID:1
[02-27 22:48:32]2165,Прическа 6, Character ID:1
[02-27 22:48:32]2166,Прическа 6, Character ID:1
[02-27 22:48:32]2167,Прическа 6, Character ID:1
[02-27 22:48:32]2168,Прическа 6, Character ID:1
[02-27 22:48:32]2169,Прическа 6, Character ID:1
[02-27 22:48:32]2170,Прическа 7, Character ID:1
[02-27 22:48:32]2171,Прическа 7, Character ID:1
[02-27 22:48:32]2172,Прическа 7, Character ID:1
[02-27 22:48:32]2173,Прическа 7, Character ID:1
[02-27 22:48:32]2174,Прическа 7, Character ID:1
[02-27 22:48:32]2175,Прическа 7, Character ID:1
[02-27 22:48:32]2176,Прическа 8, Character ID:1
[02-27 22:48:32]2177,Прическа 8, Character ID:1
[02-27 22:48:32]2178,Прическа 8, Character ID:1
[02-27 22:48:32]2179,Прическа 8, Character ID:1
[02-27 22:48:32]2180,Прическа 8, Character ID:1
[02-27 22:48:32]2181,Прическа 8, Character ID:1
[02-27 22:48:32]2182,Неудавшаяся прическа Филлис 1, Character ID:1
[02-27 22:48:32]2183,Неудачные прически Филлис 2, Character ID:1
[02-27 22:48:32]2184,Девичья 1 короткая прическа, Character ID:1
[02-27 22:48:32]2185,Девичья 1 прическа 01, Character ID:1
[02-27 22:48:32]2186,Девичья 2 прическа 00, Character ID:1
[02-27 22:48:32]2275,Модная прическа Ланса 1, Character ID:4
[02-27 22:48:32]2276,Модная прическа Ланса 2, Character ID:4
[02-27 22:48:32]2277,Модная прическа Ланса 3, Character ID:4
[02-27 22:48:32]2278,Модная прическа Ланса 4, Character ID:4
[02-27 22:48:32]2279,Модная прическа Карциз 1, Character ID:4
[02-27 22:48:32]2280,Модная прическа Карциз 2, Character ID:4
[02-27 22:48:32]2281,Модная прическа Карциз 3, Character ID:4
[02-27 22:48:32]2282,Модная прическа Карциз 4, Character ID:4
[02-27 22:48:32]2283,Модная прическа Филлис 1, Character ID:4
[02-27 22:48:32]2284,Модная прическа Филлис 2, Character ID:4
[02-27 22:48:32]2285,Модная прическа Филлис 3, Character ID:4
[02-27 22:48:32]2286,Модная прическа Филлис 4, Character ID:4
[02-27 22:48:32]2434,Стрела 02, Character ID:1
[02-27 22:48:32]2448,Порох 02, Character ID:1
[02-27 22:48:32]2499,Левая гипсовая перчатка, Character ID:1
[02-27 22:48:32]2500,Левая перчатка драчуна, Character ID:1
[02-27 22:48:32]2501,Левая перчатка мастера, Character ID:1
[02-27 22:48:32]2502,Левое зубчатое лезвие, Character ID:1
[02-27 22:48:32]2503,Левый астральный клинок, Character ID:1
[02-27 22:48:32]2504,Левая тигровая перчатка, Character ID:1
[02-27 22:48:32]2505,Левая рука смерти, Character ID:1
[02-27 22:48:32]2530,Каменный торс Гефеста, Character ID:2
[02-27 22:48:32]2531,Каменная рука Гефеста, Character ID:2
[02-27 22:48:32]2532,Каменная нога Гефеста, Character ID:2
[02-27 22:48:32]2533,Каменный торс Гермеса, Character ID:1
[02-27 22:48:32]2534,Каменная рука Гермеса, Character ID:1
[02-27 22:48:32]2535,Каменная нога Гермеса, Character ID:1
[02-27 22:48:32]2536,Каменный торс Аполлона, Character ID:1
[02-27 22:48:32]2537,Каменная рука  Аполлона, Character ID:1
[02-27 22:48:32]2538,Каменная нога  Аполлона, Character ID:1
[02-27 22:48:32]2539,Каменный торс Посейдона, Character ID:1
[02-27 22:48:32]2540,Каменная рука Посейдона, Character ID:1
[02-27 22:48:32]2541,Каменная нога Посейдона, Character ID:1
[02-27 22:48:32]2542,Каменный торс Гестии, Character ID:3
[02-27 22:48:32]2543,Каменная рука Гестии, Character ID:3
[02-27 22:48:32]2544,Каменная нога Гестии, Character ID:3
[02-27 22:48:32]2545,Каменный торс Афины, Character ID:3
[02-27 22:48:32]2546,Каменная рука Афины, Character ID:3
[02-27 22:48:32]2547,Каменная нога Афины, Character ID:3
[02-27 22:48:32]2548,Коронный камень Артемиды, Character ID:4
[02-27 22:48:32]3061,Медвежьи башмаки, Character ID:4
[02-27 22:48:32]3285,Калькулятор, Character ID:1
[02-27 22:48:32]3287,Портативный компьютер, Character ID:1
[02-27 22:48:32]5071,Большой меч кадавра, Character ID:1
[02-27 22:48:32]5074,Кинжал мертвеца, Character ID:2
[02-27 22:48:32]5081,Камзол кошмара, Character ID:1
[02-27 22:48:32]5082,Перчатки кошмара, Character ID:1
[02-27 22:48:32]5083,Сапоги кошмара, Character ID:1
[02-27 22:48:32]5209,Могучий топор Августа 1, Character ID:1
[02-27 22:48:32]5212,Кинжал Августа 1, Character ID:2
[02-27 22:48:32]5214,Могучий топор Августа 2, Character ID:1
[02-27 22:48:32]5217,Кинжал Августа 2, Character ID:2
