[02-28 16:04:35]135,Стрела 01, Character ID:1
[02-28 16:04:35]149,Порох 01, Character ID:1
[02-28 16:04:35]200,Левая гипсовая перчатка, Character ID:1
[02-28 16:04:35]201,Левая перчатка драчуна, Character ID:1
[02-28 16:04:35]202,Левая перчатка мастера, Character ID:1
[02-28 16:04:35]203,Левое зубчатое лезвие, Character ID:1
[02-28 16:04:35]204,Левый астральный клинок, Character ID:1
[02-28 16:04:35]205,Левая тигровая перчатка, Character ID:1
[02-28 16:04:35]206,Левая рука смерти, Character ID:1
[02-28 16:04:35]635,Коралл удара 1 ур., Character ID:2
[02-28 16:04:35]636,Коралл удара 2 ур., Character ID:2
[02-28 16:04:35]637,Коралл удара 3 ур., Character ID:2
[02-28 16:04:35]638,Коралл удара 4 ур. , Character ID:2
[02-28 16:04:35]639,Коралл удара 5 ур. , Character ID:2
[02-28 16:04:35]1124,Каменный торс Хаоса, Character ID:1
[02-28 16:04:35]1125,Каменная рука Хаоса, Character ID:1
[02-28 16:04:35]1126,Каменная нога Хаоса, Character ID:1
[02-28 16:04:35]1127,Коронационный камень Хаоса, Character ID:4
[02-28 16:04:35]1999,Неудавшаяся прическа Ланса 1, Character ID:2
[02-28 16:04:35]2000,Прическа 1, Character ID:2
[02-28 16:04:35]2001,Прическа 2, Character ID:2
[02-28 16:04:35]2002,Прическа 3, Character ID:2
[02-28 16:04:35]2003,Прическа 4, Character ID:2
[02-28 16:04:35]2004,Прическа 5, Character ID:2
[02-28 16:04:35]2005,Прическа 6, Character ID:2
[02-28 16:04:35]2006,Прическа 7, Character ID:2
[02-28 16:04:35]2007,Прическа 8, Character ID:2
[02-28 16:04:35]2008,Порученец, Character ID:2
[02-28 16:04:35]2009,Прическа 1, Character ID:2
[02-28 16:04:35]2010,Прическа 1, Character ID:2
[02-28 16:04:35]2011,Прическа 1, Character ID:2
[02-28 16:04:35]2012,Прическа 1, Character ID:2
[02-28 16:04:35]2013,Прическа 1, Character ID:2
[02-28 16:04:35]2014,Прическа 1, Character ID:2
[02-28 16:04:35]2015,Прическа 2, Character ID:2
[02-28 16:04:35]2016,Прическа 2, Character ID:2
[02-28 16:04:35]2017,Прическа 2, Character ID:2
[02-28 16:04:35]2018,Прическа 2, Character ID:2
[02-28 16:04:35]2019,Прическа 2, Character ID:2
[02-28 16:04:35]2020,Прическа 2, Character ID:2
[02-28 16:04:35]2021,Прическа 3, Character ID:2
[02-28 16:04:35]2022,Прическа 3, Character ID:2
[02-28 16:04:35]2023,Прическа 3, Character ID:2
[02-28 16:04:35]2024,Прическа 3, Character ID:2
[02-28 16:04:35]2025,Прическа 3, Character ID:2
[02-28 16:04:35]2026,Прическа 3, Character ID:2
[02-28 16:04:35]2027,Прическа 4, Character ID:2
[02-28 16:04:35]2028,Прическа 4, Character ID:2
[02-28 16:04:35]2029,Прическа 4, Character ID:2
[02-28 16:04:35]2030,Прическа 4, Character ID:2
[02-28 16:04:35]2031,Прическа 4, Character ID:2
[02-28 16:04:35]2032,Прическа 4, Character ID:2
[02-28 16:04:35]2033,Прическа 5, Character ID:2
[02-28 16:04:35]2034,Прическа 5, Character ID:2
[02-28 16:04:35]2035,Прическа 5, Character ID:2
[02-28 16:04:35]2036,Прическа 5, Character ID:2
[02-28 16:04:35]2037,Прическа 5, Character ID:2
[02-28 16:04:35]2038,Прическа 5, Character ID:2
[02-28 16:04:35]2039,Прическа 5, Character ID:2
[02-28 16:04:35]2040,Прическа 6, Character ID:2
[02-28 16:04:35]2041,Прическа 6, Character ID:2
[02-28 16:04:35]2042,Прическа 6, Character ID:2
[02-28 16:04:35]2043,Прическа 6, Character ID:2
[02-28 16:04:35]2044,Прическа 6, Character ID:2
[02-28 16:04:35]2045,Прическа 6, Character ID:2
[02-28 16:04:35]2046,Прическа 6, Character ID:2
[02-28 16:04:35]2047,Прическа 7, Character ID:2
[02-28 16:04:35]2048,Прическа 7, Character ID:2
[02-28 16:04:35]2049,Прическа 7, Character ID:2
[02-28 16:04:35]2050,Прическа 7, Character ID:2
[02-28 16:04:35]2051,Прическа 7, Character ID:2
[02-28 16:04:35]2052,Прическа 7, Character ID:2
[02-28 16:04:35]2053,Прическа 7, Character ID:2
[02-28 16:04:35]2054,Прическа 8, Character ID:2
[02-28 16:04:35]2055,Прическа 8, Character ID:2
[02-28 16:04:35]2056,Прическа 8, Character ID:2
[02-28 16:04:35]2057,Прическа 8, Character ID:2
[02-28 16:04:35]2058,Прическа 8, Character ID:2
[02-28 16:04:35]2059,Прическа 8, Character ID:2
[02-28 16:04:35]2060,Мужская 1 прическа - налысо, Character ID:2
[02-28 16:04:35]2061,Неудавшаяся прическа Ланса 2, Character ID:2
[02-28 16:04:35]2062,Прическа 1, Character ID:1
[02-28 16:04:35]2063,Прическа 2, Character ID:1
[02-28 16:04:35]2064,Прическа 3, Character ID:1
[02-28 16:04:35]2065,Прическа 4, Character ID:1
[02-28 16:04:35]2066,Прическа 5, Character ID:1
[02-28 16:04:35]2067,Прическа 6, Character ID:1
[02-28 16:04:35]2068,Прическа 7, Character ID:1
[02-28 16:04:35]2069,Прическа 8, Character ID:1
[02-28 16:04:35]2070,Порученец, Character ID:1
[02-28 16:04:35]2071,Прическа 1, Character ID:1
[02-28 16:04:35]2072,Прическа 1, Character ID:1
[02-28 16:04:35]2073,Прическа 1, Character ID:1
[02-28 16:04:35]2074,Прическа 1, Character ID:1
[02-28 16:04:35]2075,Прическа 1, Character ID:1
[02-28 16:04:35]2076,Прическа 1, Character ID:1
[02-28 16:04:35]2077,Прическа 1, Character ID:1
[02-28 16:04:35]2078,Прическа 2, Character ID:1
[02-28 16:04:35]2079,Прическа 2, Character ID:1
[02-28 16:04:35]2080,Прическа 2, Character ID:1
[02-28 16:04:35]2081,Прическа 2, Character ID:1
[02-28 16:04:35]2082,Прическа 2, Character ID:1
[02-28 16:04:35]2083,Прическа 2, Character ID:1
[02-28 16:04:35]2084,Прическа 3, Character ID:1
[02-28 16:04:35]2085,Прическа 3, Character ID:1
[02-28 16:04:35]2086,Прическа 3, Character ID:1
[02-28 16:04:35]2087,Прическа 3, Character ID:1
[02-28 16:04:35]2088,Прическа 3, Character ID:1
[02-28 16:04:35]2089,Прическа 3, Character ID:1
[02-28 16:04:35]2090,Прическа 4, Character ID:1
[02-28 16:04:35]2091,Прическа 4, Character ID:1
[02-28 16:04:35]2092,Прическа 4, Character ID:1
[02-28 16:04:35]2093,Прическа 4, Character ID:1
[02-28 16:04:35]2094,Прическа 4, Character ID:1
[02-28 16:04:35]2095,Прическа 4, Character ID:1
[02-28 16:04:35]2096,Прическа 4, Character ID:1
[02-28 16:04:35]2097,Прическа 5, Character ID:1
[02-28 16:04:35]2098,Прическа 5, Character ID:1
[02-28 16:04:35]2099,Прическа 5, Character ID:1
[02-28 16:04:35]2100,Прическа 5, Character ID:1
[02-28 16:04:35]2101,Прическа 6, Character ID:1
[02-28 16:04:35]2102,Прическа 6, Character ID:1
[02-28 16:04:35]2103,Прическа 6, Character ID:1
[02-28 16:04:35]2104,Прическа 6, Character ID:1
[02-28 16:04:35]2105,Прическа 6, Character ID:1
[02-28 16:04:35]2106,Прическа 6, Character ID:1
[02-28 16:04:35]2107,Прическа 6, Character ID:1
[02-28 16:04:35]2108,Прическа 7, Character ID:1
[02-28 16:04:35]2109,Прическа 7, Character ID:1
[02-28 16:04:35]2110,Прическа 7, Character ID:1
[02-28 16:04:35]2111,Прическа 7, Character ID:1
[02-28 16:04:35]2112,Прическа 7, Character ID:1
[02-28 16:04:35]2113,Прическа 7, Character ID:1
[02-28 16:04:35]2114,Прическа 8, Character ID:1
[02-28 16:04:35]2115,Прическа 8, Character ID:1
[02-28 16:04:35]2116,Прическа 8, Character ID:1
[02-28 16:04:35]2117,Прическа 8, Character ID:1
[02-28 16:04:35]2118,Прическа 8, Character ID:1
[02-28 16:04:35]2119,Прическа 8, Character ID:1
[02-28 16:04:35]2120,Прическа 8, Character ID:1
[02-28 16:04:35]2121,Неудачная прическа Карциз 1, Character ID:1
[02-28 16:04:35]2122,Мужская 2 короткая прическа, Character ID:1
[02-28 16:04:35]2123,Неудачная прическа Карциз 2, Character ID:1
[02-28 16:04:35]2124,Прическа 1, Character ID:1
[02-28 16:04:35]2125,Прическа 2, Character ID:1
[02-28 16:04:35]2126,Прическа 3, Character ID:1
[02-28 16:04:35]2127,Прическа 4, Character ID:1
[02-28 16:04:35]2128,Прическа 5, Character ID:1
[02-28 16:04:35]2129,Прическа 6, Character ID:1
[02-28 16:04:35]2130,Прическа 7, Character ID:1
[02-28 16:04:35]2131,Прическа 8, Character ID:1
[02-28 16:04:35]2132,Порученец, Character ID:1
[02-28 16:04:35]2133,Прическа 1, Character ID:1
[02-28 16:04:35]2134,Прическа 1, Character ID:1
[02-28 16:04:35]2135,Прическа 1, Character ID:1
[02-28 16:04:35]2136,Прическа 1, Character ID:1
[02-28 16:04:35]2137,Прическа 1, Character ID:1
[02-28 16:04:35]2138,Прическа 1, Character ID:1
[02-28 16:04:35]2139,Прическа 1, Character ID:1
[02-28 16:04:35]2140,Прическа 2, Character ID:1
[02-28 16:04:35]2141,Прическа 2, Character ID:1
[02-28 16:04:35]2142,Прическа 2, Character ID:1
[02-28 16:04:35]2143,Прическа 2, Character ID:1
[02-28 16:04:35]2144,Прическа 2, Character ID:1
[02-28 16:04:35]2145,Прическа 2, Character ID:1
[02-28 16:04:35]2146,Прическа 3, Character ID:1
[02-28 16:04:36]2147,Прическа 3, Character ID:1
[02-28 16:04:36]2148,Прическа 3, Character ID:1
[02-28 16:04:36]2149,Прическа 3, Character ID:1
[02-28 16:04:36]2150,Прическа 3, Character ID:1
[02-28 16:04:36]2151,Прическа 3, Character ID:1
[02-28 16:04:36]2152,Прическа 4, Character ID:1
[02-28 16:04:36]2153,Прическа 4, Character ID:1
[02-28 16:04:36]2154,Прическа 4, Character ID:1
[02-28 16:04:36]2155,Прическа 4, Character ID:1
[02-28 16:04:36]2156,Прическа 4, Character ID:1
[02-28 16:04:36]2157,Прическа 4, Character ID:1
[02-28 16:04:36]2158,Прическа 5, Character ID:1
[02-28 16:04:36]2159,Прическа 5, Character ID:1
[02-28 16:04:36]2160,Прическа 5, Character ID:1
[02-28 16:04:36]2161,Прическа 5, Character ID:1
[02-28 16:04:36]2162,Прическа 5, Character ID:1
[02-28 16:04:36]2163,Прическа 5, Character ID:1
[02-28 16:04:36]2164,Прическа 6, Character ID:1
[02-28 16:04:36]2165,Прическа 6, Character ID:1
[02-28 16:04:36]2166,Прическа 6, Character ID:1
[02-28 16:04:36]2167,Прическа 6, Character ID:1
[02-28 16:04:36]2168,Прическа 6, Character ID:1
[02-28 16:04:36]2169,Прическа 6, Character ID:1
[02-28 16:04:36]2170,Прическа 7, Character ID:1
[02-28 16:04:36]2171,Прическа 7, Character ID:1
[02-28 16:04:36]2172,Прическа 7, Character ID:1
[02-28 16:04:36]2173,Прическа 7, Character ID:1
[02-28 16:04:36]2174,Прическа 7, Character ID:1
[02-28 16:04:36]2175,Прическа 7, Character ID:1
[02-28 16:04:36]2176,Прическа 8, Character ID:1
[02-28 16:04:36]2177,Прическа 8, Character ID:1
[02-28 16:04:36]2178,Прическа 8, Character ID:1
[02-28 16:04:36]2179,Прическа 8, Character ID:1
[02-28 16:04:36]2180,Прическа 8, Character ID:1
[02-28 16:04:36]2181,Прическа 8, Character ID:1
[02-28 16:04:36]2182,Неудавшаяся прическа Филлис 1, Character ID:1
[02-28 16:04:36]2183,Неудачные прически Филлис 2, Character ID:1
[02-28 16:04:36]2184,Девичья 1 короткая прическа, Character ID:1
[02-28 16:04:36]2185,Девичья 1 прическа 01, Character ID:1
[02-28 16:04:36]2186,Девичья 2 прическа 00, Character ID:1
[02-28 16:04:36]2275,Модная прическа Ланса 1, Character ID:4
[02-28 16:04:36]2276,Модная прическа Ланса 2, Character ID:4
[02-28 16:04:36]2277,Модная прическа Ланса 3, Character ID:4
[02-28 16:04:36]2278,Модная прическа Ланса 4, Character ID:4
[02-28 16:04:36]2279,Модная прическа Карциз 1, Character ID:4
[02-28 16:04:36]2280,Модная прическа Карциз 2, Character ID:4
[02-28 16:04:36]2281,Модная прическа Карциз 3, Character ID:4
[02-28 16:04:36]2282,Модная прическа Карциз 4, Character ID:4
[02-28 16:04:36]2283,Модная прическа Филлис 1, Character ID:4
[02-28 16:04:36]2284,Модная прическа Филлис 2, Character ID:4
[02-28 16:04:36]2285,Модная прическа Филлис 3, Character ID:4
[02-28 16:04:36]2286,Модная прическа Филлис 4, Character ID:4
[02-28 16:04:36]2434,Стрела 02, Character ID:1
[02-28 16:04:36]2448,Порох 02, Character ID:1
[02-28 16:04:36]2499,Левая гипсовая перчатка, Character ID:1
[02-28 16:04:36]2500,Левая перчатка драчуна, Character ID:1
[02-28 16:04:36]2501,Левая перчатка мастера, Character ID:1
[02-28 16:04:36]2502,Левое зубчатое лезвие, Character ID:1
[02-28 16:04:36]2503,Левый астральный клинок, Character ID:1
[02-28 16:04:36]2504,Левая тигровая перчатка, Character ID:1
[02-28 16:04:36]2505,Левая рука смерти, Character ID:1
[02-28 16:04:36]2530,Каменный торс Гефеста, Character ID:2
[02-28 16:04:36]2531,Каменная рука Гефеста, Character ID:2
[02-28 16:04:36]2532,Каменная нога Гефеста, Character ID:2
[02-28 16:04:36]2533,Каменный торс Гермеса, Character ID:1
[02-28 16:04:36]2534,Каменная рука Гермеса, Character ID:1
[02-28 16:04:36]2535,Каменная нога Гермеса, Character ID:1
[02-28 16:04:36]2536,Каменный торс Аполлона, Character ID:1
[02-28 16:04:36]2537,Каменная рука  Аполлона, Character ID:1
[02-28 16:04:36]2538,Каменная нога  Аполлона, Character ID:1
[02-28 16:04:36]2539,Каменный торс Посейдона, Character ID:1
[02-28 16:04:36]2540,Каменная рука Посейдона, Character ID:1
[02-28 16:04:36]2541,Каменная нога Посейдона, Character ID:1
[02-28 16:04:36]2542,Каменный торс Гестии, Character ID:3
[02-28 16:04:36]2543,Каменная рука Гестии, Character ID:3
[02-28 16:04:36]2544,Каменная нога Гестии, Character ID:3
[02-28 16:04:36]2545,Каменный торс Афины, Character ID:3
[02-28 16:04:36]2546,Каменная рука Афины, Character ID:3
[02-28 16:04:36]2547,Каменная нога Афины, Character ID:3
[02-28 16:04:36]2548,Коронный камень Артемиды, Character ID:4
[02-28 16:04:36]3061,Медвежьи башмаки, Character ID:4
[02-28 16:04:36]3285,Калькулятор, Character ID:1
[02-28 16:04:36]3287,Портативный компьютер, Character ID:1
[02-28 16:04:36]5071,Большой меч кадавра, Character ID:1
[02-28 16:04:36]5074,Кинжал мертвеца, Character ID:2
[02-28 16:04:36]5081,Камзол кошмара, Character ID:1
[02-28 16:04:36]5082,Перчатки кошмара, Character ID:1
[02-28 16:04:36]5083,Сапоги кошмара, Character ID:1
[02-28 16:04:36]5209,Могучий топор Августа 1, Character ID:1
[02-28 16:04:36]5212,Кинжал Августа 1, Character ID:2
[02-28 16:04:36]5214,Могучий топор Августа 2, Character ID:1
[02-28 16:04:36]5217,Кинжал Августа 2, Character ID:2
