[02-27 22:54:07]135,Стрела 01, Character ID:1
[02-27 22:54:07]149,Порох 01, Character ID:1
[02-27 22:54:07]200,Левая гипсовая перчатка, Character ID:1
[02-27 22:54:07]201,Левая перчатка драчуна, Character ID:1
[02-27 22:54:07]202,Левая перчатка мастера, Character ID:1
[02-27 22:54:07]203,Левое зубчатое лезвие, Character ID:1
[02-27 22:54:07]204,Левый астральный клинок, Character ID:1
[02-27 22:54:07]205,Левая тигровая перчатка, Character ID:1
[02-27 22:54:07]206,Левая рука смерти, Character ID:1
[02-27 22:54:07]635,Коралл удара 1 ур., Character ID:2
[02-27 22:54:07]636,Коралл удара 2 ур., Character ID:2
[02-27 22:54:07]637,Коралл удара 3 ур., Character ID:2
[02-27 22:54:07]638,Коралл удара 4 ур. , Character ID:2
[02-27 22:54:07]639,Коралл удара 5 ур. , Character ID:2
[02-27 22:54:07]1124,Каменный торс Хаоса, Character ID:1
[02-27 22:54:07]1125,Каменная рука Хаоса, Character ID:1
[02-27 22:54:07]1126,Каменная нога Хаоса, Character ID:1
[02-27 22:54:07]1127,Коронационный камень Хаоса, Character ID:4
[02-27 22:54:07]1999,Неудавшаяся прическа Ланса 1, Character ID:2
[02-27 22:54:07]2000,Прическа 1, Character ID:2
[02-27 22:54:07]2001,Прическа 2, Character ID:2
[02-27 22:54:07]2002,Прическа 3, Character ID:2
[02-27 22:54:07]2003,Прическа 4, Character ID:2
[02-27 22:54:07]2004,Прическа 5, Character ID:2
[02-27 22:54:07]2005,Прическа 6, Character ID:2
[02-27 22:54:07]2006,Прическа 7, Character ID:2
[02-27 22:54:07]2007,Прическа 8, Character ID:2
[02-27 22:54:07]2008,Порученец, Character ID:2
[02-27 22:54:07]2009,Прическа 1, Character ID:2
[02-27 22:54:07]2010,Прическа 1, Character ID:2
[02-27 22:54:07]2011,Прическа 1, Character ID:2
[02-27 22:54:07]2012,Прическа 1, Character ID:2
[02-27 22:54:07]2013,Прическа 1, Character ID:2
[02-27 22:54:07]2014,Прическа 1, Character ID:2
[02-27 22:54:07]2015,Прическа 2, Character ID:2
[02-27 22:54:07]2016,Прическа 2, Character ID:2
[02-27 22:54:07]2017,Прическа 2, Character ID:2
[02-27 22:54:07]2018,Прическа 2, Character ID:2
[02-27 22:54:07]2019,Прическа 2, Character ID:2
[02-27 22:54:07]2020,Прическа 2, Character ID:2
[02-27 22:54:07]2021,Прическа 3, Character ID:2
[02-27 22:54:07]2022,Прическа 3, Character ID:2
[02-27 22:54:07]2023,Прическа 3, Character ID:2
[02-27 22:54:07]2024,Прическа 3, Character ID:2
[02-27 22:54:07]2025,Прическа 3, Character ID:2
[02-27 22:54:07]2026,Прическа 3, Character ID:2
[02-27 22:54:07]2027,Прическа 4, Character ID:2
[02-27 22:54:07]2028,Прическа 4, Character ID:2
[02-27 22:54:07]2029,Прическа 4, Character ID:2
[02-27 22:54:07]2030,Прическа 4, Character ID:2
[02-27 22:54:07]2031,Прическа 4, Character ID:2
[02-27 22:54:07]2032,Прическа 4, Character ID:2
[02-27 22:54:07]2033,Прическа 5, Character ID:2
[02-27 22:54:07]2034,Прическа 5, Character ID:2
[02-27 22:54:07]2035,Прическа 5, Character ID:2
[02-27 22:54:07]2036,Прическа 5, Character ID:2
[02-27 22:54:07]2037,Прическа 5, Character ID:2
[02-27 22:54:07]2038,Прическа 5, Character ID:2
[02-27 22:54:07]2039,Прическа 5, Character ID:2
[02-27 22:54:07]2040,Прическа 6, Character ID:2
[02-27 22:54:07]2041,Прическа 6, Character ID:2
[02-27 22:54:07]2042,Прическа 6, Character ID:2
[02-27 22:54:07]2043,Прическа 6, Character ID:2
[02-27 22:54:07]2044,Прическа 6, Character ID:2
[02-27 22:54:07]2045,Прическа 6, Character ID:2
[02-27 22:54:07]2046,Прическа 6, Character ID:2
[02-27 22:54:07]2047,Прическа 7, Character ID:2
[02-27 22:54:07]2048,Прическа 7, Character ID:2
[02-27 22:54:07]2049,Прическа 7, Character ID:2
[02-27 22:54:07]2050,Прическа 7, Character ID:2
[02-27 22:54:07]2051,Прическа 7, Character ID:2
[02-27 22:54:07]2052,Прическа 7, Character ID:2
[02-27 22:54:07]2053,Прическа 7, Character ID:2
[02-27 22:54:07]2054,Прическа 8, Character ID:2
[02-27 22:54:07]2055,Прическа 8, Character ID:2
[02-27 22:54:07]2056,Прическа 8, Character ID:2
[02-27 22:54:07]2057,Прическа 8, Character ID:2
[02-27 22:54:07]2058,Прическа 8, Character ID:2
[02-27 22:54:07]2059,Прическа 8, Character ID:2
[02-27 22:54:07]2060,Мужская 1 прическа - налысо, Character ID:2
[02-27 22:54:07]2061,Неудавшаяся прическа Ланса 2, Character ID:2
[02-27 22:54:07]2062,Прическа 1, Character ID:1
[02-27 22:54:07]2063,Прическа 2, Character ID:1
[02-27 22:54:07]2064,Прическа 3, Character ID:1
[02-27 22:54:07]2065,Прическа 4, Character ID:1
[02-27 22:54:07]2066,Прическа 5, Character ID:1
[02-27 22:54:07]2067,Прическа 6, Character ID:1
[02-27 22:54:07]2068,Прическа 7, Character ID:1
[02-27 22:54:07]2069,Прическа 8, Character ID:1
[02-27 22:54:07]2070,Порученец, Character ID:1
[02-27 22:54:07]2071,Прическа 1, Character ID:1
[02-27 22:54:07]2072,Прическа 1, Character ID:1
[02-27 22:54:07]2073,Прическа 1, Character ID:1
[02-27 22:54:07]2074,Прическа 1, Character ID:1
[02-27 22:54:07]2075,Прическа 1, Character ID:1
[02-27 22:54:07]2076,Прическа 1, Character ID:1
[02-27 22:54:07]2077,Прическа 1, Character ID:1
[02-27 22:54:07]2078,Прическа 2, Character ID:1
[02-27 22:54:07]2079,Прическа 2, Character ID:1
[02-27 22:54:07]2080,Прическа 2, Character ID:1
[02-27 22:54:07]2081,Прическа 2, Character ID:1
[02-27 22:54:07]2082,Прическа 2, Character ID:1
[02-27 22:54:07]2083,Прическа 2, Character ID:1
[02-27 22:54:07]2084,Прическа 3, Character ID:1
[02-27 22:54:07]2085,Прическа 3, Character ID:1
[02-27 22:54:07]2086,Прическа 3, Character ID:1
[02-27 22:54:07]2087,Прическа 3, Character ID:1
[02-27 22:54:07]2088,Прическа 3, Character ID:1
[02-27 22:54:07]2089,Прическа 3, Character ID:1
[02-27 22:54:07]2090,Прическа 4, Character ID:1
[02-27 22:54:07]2091,Прическа 4, Character ID:1
[02-27 22:54:07]2092,Прическа 4, Character ID:1
[02-27 22:54:07]2093,Прическа 4, Character ID:1
[02-27 22:54:07]2094,Прическа 4, Character ID:1
[02-27 22:54:07]2095,Прическа 4, Character ID:1
[02-27 22:54:07]2096,Прическа 4, Character ID:1
[02-27 22:54:07]2097,Прическа 5, Character ID:1
[02-27 22:54:07]2098,Прическа 5, Character ID:1
[02-27 22:54:07]2099,Прическа 5, Character ID:1
[02-27 22:54:07]2100,Прическа 5, Character ID:1
[02-27 22:54:07]2101,Прическа 6, Character ID:1
[02-27 22:54:07]2102,Прическа 6, Character ID:1
[02-27 22:54:07]2103,Прическа 6, Character ID:1
[02-27 22:54:07]2104,Прическа 6, Character ID:1
[02-27 22:54:07]2105,Прическа 6, Character ID:1
[02-27 22:54:07]2106,Прическа 6, Character ID:1
[02-27 22:54:07]2107,Прическа 6, Character ID:1
[02-27 22:54:07]2108,Прическа 7, Character ID:1
[02-27 22:54:07]2109,Прическа 7, Character ID:1
[02-27 22:54:07]2110,Прическа 7, Character ID:1
[02-27 22:54:07]2111,Прическа 7, Character ID:1
[02-27 22:54:07]2112,Прическа 7, Character ID:1
[02-27 22:54:07]2113,Прическа 7, Character ID:1
[02-27 22:54:07]2114,Прическа 8, Character ID:1
[02-27 22:54:07]2115,Прическа 8, Character ID:1
[02-27 22:54:07]2116,Прическа 8, Character ID:1
[02-27 22:54:07]2117,Прическа 8, Character ID:1
[02-27 22:54:07]2118,Прическа 8, Character ID:1
[02-27 22:54:07]2119,Прическа 8, Character ID:1
[02-27 22:54:07]2120,Прическа 8, Character ID:1
[02-27 22:54:07]2121,Неудачная прическа Карциз 1, Character ID:1
[02-27 22:54:07]2122,Мужская 2 короткая прическа, Character ID:1
[02-27 22:54:07]2123,Неудачная прическа Карциз 2, Character ID:1
[02-27 22:54:07]2124,Прическа 1, Character ID:1
[02-27 22:54:07]2125,Прическа 2, Character ID:1
[02-27 22:54:07]2126,Прическа 3, Character ID:1
[02-27 22:54:07]2127,Прическа 4, Character ID:1
[02-27 22:54:07]2128,Прическа 5, Character ID:1
[02-27 22:54:07]2129,Прическа 6, Character ID:1
[02-27 22:54:07]2130,Прическа 7, Character ID:1
[02-27 22:54:07]2131,Прическа 8, Character ID:1
[02-27 22:54:07]2132,Порученец, Character ID:1
[02-27 22:54:07]2133,Прическа 1, Character ID:1
[02-27 22:54:07]2134,Прическа 1, Character ID:1
[02-27 22:54:07]2135,Прическа 1, Character ID:1
[02-27 22:54:07]2136,Прическа 1, Character ID:1
[02-27 22:54:07]2137,Прическа 1, Character ID:1
[02-27 22:54:07]2138,Прическа 1, Character ID:1
[02-27 22:54:07]2139,Прическа 1, Character ID:1
[02-27 22:54:07]2140,Прическа 2, Character ID:1
[02-27 22:54:07]2141,Прическа 2, Character ID:1
[02-27 22:54:07]2142,Прическа 2, Character ID:1
[02-27 22:54:07]2143,Прическа 2, Character ID:1
[02-27 22:54:07]2144,Прическа 2, Character ID:1
[02-27 22:54:07]2145,Прическа 2, Character ID:1
[02-27 22:54:07]2146,Прическа 3, Character ID:1
[02-27 22:54:07]2147,Прическа 3, Character ID:1
[02-27 22:54:07]2148,Прическа 3, Character ID:1
[02-27 22:54:07]2149,Прическа 3, Character ID:1
[02-27 22:54:07]2150,Прическа 3, Character ID:1
[02-27 22:54:07]2151,Прическа 3, Character ID:1
[02-27 22:54:07]2152,Прическа 4, Character ID:1
[02-27 22:54:07]2153,Прическа 4, Character ID:1
[02-27 22:54:07]2154,Прическа 4, Character ID:1
[02-27 22:54:07]2155,Прическа 4, Character ID:1
[02-27 22:54:07]2156,Прическа 4, Character ID:1
[02-27 22:54:07]2157,Прическа 4, Character ID:1
[02-27 22:54:07]2158,Прическа 5, Character ID:1
[02-27 22:54:07]2159,Прическа 5, Character ID:1
[02-27 22:54:07]2160,Прическа 5, Character ID:1
[02-27 22:54:07]2161,Прическа 5, Character ID:1
[02-27 22:54:07]2162,Прическа 5, Character ID:1
[02-27 22:54:07]2163,Прическа 5, Character ID:1
[02-27 22:54:07]2164,Прическа 6, Character ID:1
[02-27 22:54:07]2165,Прическа 6, Character ID:1
[02-27 22:54:07]2166,Прическа 6, Character ID:1
[02-27 22:54:07]2167,Прическа 6, Character ID:1
[02-27 22:54:07]2168,Прическа 6, Character ID:1
[02-27 22:54:07]2169,Прическа 6, Character ID:1
[02-27 22:54:07]2170,Прическа 7, Character ID:1
[02-27 22:54:07]2171,Прическа 7, Character ID:1
[02-27 22:54:07]2172,Прическа 7, Character ID:1
[02-27 22:54:07]2173,Прическа 7, Character ID:1
[02-27 22:54:07]2174,Прическа 7, Character ID:1
[02-27 22:54:07]2175,Прическа 7, Character ID:1
[02-27 22:54:07]2176,Прическа 8, Character ID:1
[02-27 22:54:07]2177,Прическа 8, Character ID:1
[02-27 22:54:07]2178,Прическа 8, Character ID:1
[02-27 22:54:07]2179,Прическа 8, Character ID:1
[02-27 22:54:07]2180,Прическа 8, Character ID:1
[02-27 22:54:07]2181,Прическа 8, Character ID:1
[02-27 22:54:07]2182,Неудавшаяся прическа Филлис 1, Character ID:1
[02-27 22:54:07]2183,Неудачные прически Филлис 2, Character ID:1
[02-27 22:54:07]2184,Девичья 1 короткая прическа, Character ID:1
[02-27 22:54:07]2185,Девичья 1 прическа 01, Character ID:1
[02-27 22:54:07]2186,Девичья 2 прическа 00, Character ID:1
[02-27 22:54:07]2275,Модная прическа Ланса 1, Character ID:4
[02-27 22:54:07]2276,Модная прическа Ланса 2, Character ID:4
[02-27 22:54:07]2277,Модная прическа Ланса 3, Character ID:4
[02-27 22:54:07]2278,Модная прическа Ланса 4, Character ID:4
[02-27 22:54:07]2279,Модная прическа Карциз 1, Character ID:4
[02-27 22:54:07]2280,Модная прическа Карциз 2, Character ID:4
[02-27 22:54:07]2281,Модная прическа Карциз 3, Character ID:4
[02-27 22:54:07]2282,Модная прическа Карциз 4, Character ID:4
[02-27 22:54:07]2283,Модная прическа Филлис 1, Character ID:4
[02-27 22:54:07]2284,Модная прическа Филлис 2, Character ID:4
[02-27 22:54:07]2285,Модная прическа Филлис 3, Character ID:4
[02-27 22:54:07]2286,Модная прическа Филлис 4, Character ID:4
[02-27 22:54:07]2434,Стрела 02, Character ID:1
[02-27 22:54:07]2448,Порох 02, Character ID:1
[02-27 22:54:07]2499,Левая гипсовая перчатка, Character ID:1
[02-27 22:54:07]2500,Левая перчатка драчуна, Character ID:1
[02-27 22:54:07]2501,Левая перчатка мастера, Character ID:1
[02-27 22:54:07]2502,Левое зубчатое лезвие, Character ID:1
[02-27 22:54:07]2503,Левый астральный клинок, Character ID:1
[02-27 22:54:07]2504,Левая тигровая перчатка, Character ID:1
[02-27 22:54:07]2505,Левая рука смерти, Character ID:1
[02-27 22:54:07]2530,Каменный торс Гефеста, Character ID:2
[02-27 22:54:07]2531,Каменная рука Гефеста, Character ID:2
[02-27 22:54:07]2532,Каменная нога Гефеста, Character ID:2
[02-27 22:54:07]2533,Каменный торс Гермеса, Character ID:1
[02-27 22:54:07]2534,Каменная рука Гермеса, Character ID:1
[02-27 22:54:07]2535,Каменная нога Гермеса, Character ID:1
[02-27 22:54:07]2536,Каменный торс Аполлона, Character ID:1
[02-27 22:54:07]2537,Каменная рука  Аполлона, Character ID:1
[02-27 22:54:07]2538,Каменная нога  Аполлона, Character ID:1
[02-27 22:54:07]2539,Каменный торс Посейдона, Character ID:1
[02-27 22:54:07]2540,Каменная рука Посейдона, Character ID:1
[02-27 22:54:07]2541,Каменная нога Посейдона, Character ID:1
[02-27 22:54:07]2542,Каменный торс Гестии, Character ID:3
[02-27 22:54:07]2543,Каменная рука Гестии, Character ID:3
[02-27 22:54:07]2544,Каменная нога Гестии, Character ID:3
[02-27 22:54:07]2545,Каменный торс Афины, Character ID:3
[02-27 22:54:07]2546,Каменная рука Афины, Character ID:3
[02-27 22:54:07]2547,Каменная нога Афины, Character ID:3
[02-27 22:54:07]2548,Коронный камень Артемиды, Character ID:4
[02-27 22:54:07]3061,Медвежьи башмаки, Character ID:4
[02-27 22:54:07]3285,Калькулятор, Character ID:1
[02-27 22:54:07]3287,Портативный компьютер, Character ID:1
[02-27 22:54:07]5071,Большой меч кадавра, Character ID:1
[02-27 22:54:07]5074,Кинжал мертвеца, Character ID:2
[02-27 22:54:07]5081,Камзол кошмара, Character ID:1
[02-27 22:54:07]5082,Перчатки кошмара, Character ID:1
[02-27 22:54:07]5083,Сапоги кошмара, Character ID:1
[02-27 22:54:07]5209,Могучий топор Августа 1, Character ID:1
[02-27 22:54:07]5212,Кинжал Августа 1, Character ID:2
[02-27 22:54:07]5214,Могучий топор Августа 2, Character ID:1
[02-27 22:54:07]5217,Кинжал Августа 2, Character ID:2
