[02-27 22:49:49]135,Стрела 01, Character ID:1
[02-27 22:49:49]149,Порох 01, Character ID:1
[02-27 22:49:49]200,Левая гипсовая перчатка, Character ID:1
[02-27 22:49:49]201,Левая перчатка драчуна, Character ID:1
[02-27 22:49:49]202,Левая перчатка мастера, Character ID:1
[02-27 22:49:49]203,Левое зубчатое лезвие, Character ID:1
[02-27 22:49:49]204,Левый астральный клинок, Character ID:1
[02-27 22:49:49]205,Левая тигровая перчатка, Character ID:1
[02-27 22:49:49]206,Левая рука смерти, Character ID:1
[02-27 22:49:49]635,Коралл удара 1 ур., Character ID:2
[02-27 22:49:49]636,Коралл удара 2 ур., Character ID:2
[02-27 22:49:49]637,Коралл удара 3 ур., Character ID:2
[02-27 22:49:49]638,Коралл удара 4 ур. , Character ID:2
[02-27 22:49:49]639,Коралл удара 5 ур. , Character ID:2
[02-27 22:49:50]1124,Каменный торс Хаоса, Character ID:1
[02-27 22:49:50]1125,Каменная рука Хаоса, Character ID:1
[02-27 22:49:50]1126,Каменная нога Хаоса, Character ID:1
[02-27 22:49:50]1127,Коронационный камень Хаоса, Character ID:4
[02-27 22:49:50]1999,Неудавшаяся прическа Ланса 1, Character ID:2
[02-27 22:49:50]2000,Прическа 1, Character ID:2
[02-27 22:49:50]2001,Прическа 2, Character ID:2
[02-27 22:49:50]2002,Прическа 3, Character ID:2
[02-27 22:49:50]2003,Прическа 4, Character ID:2
[02-27 22:49:50]2004,Прическа 5, Character ID:2
[02-27 22:49:50]2005,Прическа 6, Character ID:2
[02-27 22:49:50]2006,Прическа 7, Character ID:2
[02-27 22:49:50]2007,Прическа 8, Character ID:2
[02-27 22:49:50]2008,Порученец, Character ID:2
[02-27 22:49:50]2009,Прическа 1, Character ID:2
[02-27 22:49:50]2010,Прическа 1, Character ID:2
[02-27 22:49:50]2011,Прическа 1, Character ID:2
[02-27 22:49:50]2012,Прическа 1, Character ID:2
[02-27 22:49:50]2013,Прическа 1, Character ID:2
[02-27 22:49:50]2014,Прическа 1, Character ID:2
[02-27 22:49:50]2015,Прическа 2, Character ID:2
[02-27 22:49:50]2016,Прическа 2, Character ID:2
[02-27 22:49:50]2017,Прическа 2, Character ID:2
[02-27 22:49:50]2018,Прическа 2, Character ID:2
[02-27 22:49:50]2019,Прическа 2, Character ID:2
[02-27 22:49:50]2020,Прическа 2, Character ID:2
[02-27 22:49:50]2021,Прическа 3, Character ID:2
[02-27 22:49:50]2022,Прическа 3, Character ID:2
[02-27 22:49:50]2023,Прическа 3, Character ID:2
[02-27 22:49:50]2024,Прическа 3, Character ID:2
[02-27 22:49:50]2025,Прическа 3, Character ID:2
[02-27 22:49:50]2026,Прическа 3, Character ID:2
[02-27 22:49:50]2027,Прическа 4, Character ID:2
[02-27 22:49:50]2028,Прическа 4, Character ID:2
[02-27 22:49:50]2029,Прическа 4, Character ID:2
[02-27 22:49:50]2030,Прическа 4, Character ID:2
[02-27 22:49:50]2031,Прическа 4, Character ID:2
[02-27 22:49:50]2032,Прическа 4, Character ID:2
[02-27 22:49:50]2033,Прическа 5, Character ID:2
[02-27 22:49:50]2034,Прическа 5, Character ID:2
[02-27 22:49:50]2035,Прическа 5, Character ID:2
[02-27 22:49:50]2036,Прическа 5, Character ID:2
[02-27 22:49:50]2037,Прическа 5, Character ID:2
[02-27 22:49:50]2038,Прическа 5, Character ID:2
[02-27 22:49:50]2039,Прическа 5, Character ID:2
[02-27 22:49:50]2040,Прическа 6, Character ID:2
[02-27 22:49:50]2041,Прическа 6, Character ID:2
[02-27 22:49:50]2042,Прическа 6, Character ID:2
[02-27 22:49:50]2043,Прическа 6, Character ID:2
[02-27 22:49:50]2044,Прическа 6, Character ID:2
[02-27 22:49:50]2045,Прическа 6, Character ID:2
[02-27 22:49:50]2046,Прическа 6, Character ID:2
[02-27 22:49:50]2047,Прическа 7, Character ID:2
[02-27 22:49:50]2048,Прическа 7, Character ID:2
[02-27 22:49:50]2049,Прическа 7, Character ID:2
[02-27 22:49:50]2050,Прическа 7, Character ID:2
[02-27 22:49:50]2051,Прическа 7, Character ID:2
[02-27 22:49:50]2052,Прическа 7, Character ID:2
[02-27 22:49:50]2053,Прическа 7, Character ID:2
[02-27 22:49:50]2054,Прическа 8, Character ID:2
[02-27 22:49:50]2055,Прическа 8, Character ID:2
[02-27 22:49:50]2056,Прическа 8, Character ID:2
[02-27 22:49:50]2057,Прическа 8, Character ID:2
[02-27 22:49:50]2058,Прическа 8, Character ID:2
[02-27 22:49:50]2059,Прическа 8, Character ID:2
[02-27 22:49:50]2060,Мужская 1 прическа - налысо, Character ID:2
[02-27 22:49:50]2061,Неудавшаяся прическа Ланса 2, Character ID:2
[02-27 22:49:50]2062,Прическа 1, Character ID:1
[02-27 22:49:50]2063,Прическа 2, Character ID:1
[02-27 22:49:50]2064,Прическа 3, Character ID:1
[02-27 22:49:50]2065,Прическа 4, Character ID:1
[02-27 22:49:50]2066,Прическа 5, Character ID:1
[02-27 22:49:50]2067,Прическа 6, Character ID:1
[02-27 22:49:50]2068,Прическа 7, Character ID:1
[02-27 22:49:50]2069,Прическа 8, Character ID:1
[02-27 22:49:50]2070,Порученец, Character ID:1
[02-27 22:49:50]2071,Прическа 1, Character ID:1
[02-27 22:49:50]2072,Прическа 1, Character ID:1
[02-27 22:49:50]2073,Прическа 1, Character ID:1
[02-27 22:49:50]2074,Прическа 1, Character ID:1
[02-27 22:49:50]2075,Прическа 1, Character ID:1
[02-27 22:49:50]2076,Прическа 1, Character ID:1
[02-27 22:49:50]2077,Прическа 1, Character ID:1
[02-27 22:49:50]2078,Прическа 2, Character ID:1
[02-27 22:49:50]2079,Прическа 2, Character ID:1
[02-27 22:49:50]2080,Прическа 2, Character ID:1
[02-27 22:49:50]2081,Прическа 2, Character ID:1
[02-27 22:49:50]2082,Прическа 2, Character ID:1
[02-27 22:49:50]2083,Прическа 2, Character ID:1
[02-27 22:49:50]2084,Прическа 3, Character ID:1
[02-27 22:49:50]2085,Прическа 3, Character ID:1
[02-27 22:49:50]2086,Прическа 3, Character ID:1
[02-27 22:49:50]2087,Прическа 3, Character ID:1
[02-27 22:49:50]2088,Прическа 3, Character ID:1
[02-27 22:49:50]2089,Прическа 3, Character ID:1
[02-27 22:49:50]2090,Прическа 4, Character ID:1
[02-27 22:49:50]2091,Прическа 4, Character ID:1
[02-27 22:49:50]2092,Прическа 4, Character ID:1
[02-27 22:49:50]2093,Прическа 4, Character ID:1
[02-27 22:49:50]2094,Прическа 4, Character ID:1
[02-27 22:49:50]2095,Прическа 4, Character ID:1
[02-27 22:49:50]2096,Прическа 4, Character ID:1
[02-27 22:49:50]2097,Прическа 5, Character ID:1
[02-27 22:49:50]2098,Прическа 5, Character ID:1
[02-27 22:49:50]2099,Прическа 5, Character ID:1
[02-27 22:49:50]2100,Прическа 5, Character ID:1
[02-27 22:49:50]2101,Прическа 6, Character ID:1
[02-27 22:49:50]2102,Прическа 6, Character ID:1
[02-27 22:49:50]2103,Прическа 6, Character ID:1
[02-27 22:49:50]2104,Прическа 6, Character ID:1
[02-27 22:49:50]2105,Прическа 6, Character ID:1
[02-27 22:49:50]2106,Прическа 6, Character ID:1
[02-27 22:49:50]2107,Прическа 6, Character ID:1
[02-27 22:49:50]2108,Прическа 7, Character ID:1
[02-27 22:49:50]2109,Прическа 7, Character ID:1
[02-27 22:49:50]2110,Прическа 7, Character ID:1
[02-27 22:49:50]2111,Прическа 7, Character ID:1
[02-27 22:49:50]2112,Прическа 7, Character ID:1
[02-27 22:49:50]2113,Прическа 7, Character ID:1
[02-27 22:49:50]2114,Прическа 8, Character ID:1
[02-27 22:49:50]2115,Прическа 8, Character ID:1
[02-27 22:49:50]2116,Прическа 8, Character ID:1
[02-27 22:49:50]2117,Прическа 8, Character ID:1
[02-27 22:49:50]2118,Прическа 8, Character ID:1
[02-27 22:49:50]2119,Прическа 8, Character ID:1
[02-27 22:49:50]2120,Прическа 8, Character ID:1
[02-27 22:49:50]2121,Неудачная прическа Карциз 1, Character ID:1
[02-27 22:49:50]2122,Мужская 2 короткая прическа, Character ID:1
[02-27 22:49:50]2123,Неудачная прическа Карциз 2, Character ID:1
[02-27 22:49:50]2124,Прическа 1, Character ID:1
[02-27 22:49:50]2125,Прическа 2, Character ID:1
[02-27 22:49:50]2126,Прическа 3, Character ID:1
[02-27 22:49:50]2127,Прическа 4, Character ID:1
[02-27 22:49:50]2128,Прическа 5, Character ID:1
[02-27 22:49:50]2129,Прическа 6, Character ID:1
[02-27 22:49:50]2130,Прическа 7, Character ID:1
[02-27 22:49:50]2131,Прическа 8, Character ID:1
[02-27 22:49:50]2132,Порученец, Character ID:1
[02-27 22:49:50]2133,Прическа 1, Character ID:1
[02-27 22:49:50]2134,Прическа 1, Character ID:1
[02-27 22:49:50]2135,Прическа 1, Character ID:1
[02-27 22:49:50]2136,Прическа 1, Character ID:1
[02-27 22:49:50]2137,Прическа 1, Character ID:1
[02-27 22:49:50]2138,Прическа 1, Character ID:1
[02-27 22:49:50]2139,Прическа 1, Character ID:1
[02-27 22:49:50]2140,Прическа 2, Character ID:1
[02-27 22:49:50]2141,Прическа 2, Character ID:1
[02-27 22:49:50]2142,Прическа 2, Character ID:1
[02-27 22:49:50]2143,Прическа 2, Character ID:1
[02-27 22:49:50]2144,Прическа 2, Character ID:1
[02-27 22:49:50]2145,Прическа 2, Character ID:1
[02-27 22:49:50]2146,Прическа 3, Character ID:1
[02-27 22:49:50]2147,Прическа 3, Character ID:1
[02-27 22:49:50]2148,Прическа 3, Character ID:1
[02-27 22:49:50]2149,Прическа 3, Character ID:1
[02-27 22:49:50]2150,Прическа 3, Character ID:1
[02-27 22:49:50]2151,Прическа 3, Character ID:1
[02-27 22:49:50]2152,Прическа 4, Character ID:1
[02-27 22:49:50]2153,Прическа 4, Character ID:1
[02-27 22:49:50]2154,Прическа 4, Character ID:1
[02-27 22:49:50]2155,Прическа 4, Character ID:1
[02-27 22:49:50]2156,Прическа 4, Character ID:1
[02-27 22:49:50]2157,Прическа 4, Character ID:1
[02-27 22:49:50]2158,Прическа 5, Character ID:1
[02-27 22:49:50]2159,Прическа 5, Character ID:1
[02-27 22:49:50]2160,Прическа 5, Character ID:1
[02-27 22:49:50]2161,Прическа 5, Character ID:1
[02-27 22:49:50]2162,Прическа 5, Character ID:1
[02-27 22:49:50]2163,Прическа 5, Character ID:1
[02-27 22:49:50]2164,Прическа 6, Character ID:1
[02-27 22:49:50]2165,Прическа 6, Character ID:1
[02-27 22:49:50]2166,Прическа 6, Character ID:1
[02-27 22:49:50]2167,Прическа 6, Character ID:1
[02-27 22:49:50]2168,Прическа 6, Character ID:1
[02-27 22:49:50]2169,Прическа 6, Character ID:1
[02-27 22:49:50]2170,Прическа 7, Character ID:1
[02-27 22:49:50]2171,Прическа 7, Character ID:1
[02-27 22:49:50]2172,Прическа 7, Character ID:1
[02-27 22:49:50]2173,Прическа 7, Character ID:1
[02-27 22:49:50]2174,Прическа 7, Character ID:1
[02-27 22:49:50]2175,Прическа 7, Character ID:1
[02-27 22:49:50]2176,Прическа 8, Character ID:1
[02-27 22:49:50]2177,Прическа 8, Character ID:1
[02-27 22:49:50]2178,Прическа 8, Character ID:1
[02-27 22:49:50]2179,Прическа 8, Character ID:1
[02-27 22:49:50]2180,Прическа 8, Character ID:1
[02-27 22:49:50]2181,Прическа 8, Character ID:1
[02-27 22:49:50]2182,Неудавшаяся прическа Филлис 1, Character ID:1
[02-27 22:49:50]2183,Неудачные прически Филлис 2, Character ID:1
[02-27 22:49:50]2184,Девичья 1 короткая прическа, Character ID:1
[02-27 22:49:50]2185,Девичья 1 прическа 01, Character ID:1
[02-27 22:49:50]2186,Девичья 2 прическа 00, Character ID:1
[02-27 22:49:50]2275,Модная прическа Ланса 1, Character ID:4
[02-27 22:49:50]2276,Модная прическа Ланса 2, Character ID:4
[02-27 22:49:50]2277,Модная прическа Ланса 3, Character ID:4
[02-27 22:49:50]2278,Модная прическа Ланса 4, Character ID:4
[02-27 22:49:50]2279,Модная прическа Карциз 1, Character ID:4
[02-27 22:49:50]2280,Модная прическа Карциз 2, Character ID:4
[02-27 22:49:50]2281,Модная прическа Карциз 3, Character ID:4
[02-27 22:49:50]2282,Модная прическа Карциз 4, Character ID:4
[02-27 22:49:50]2283,Модная прическа Филлис 1, Character ID:4
[02-27 22:49:50]2284,Модная прическа Филлис 2, Character ID:4
[02-27 22:49:50]2285,Модная прическа Филлис 3, Character ID:4
[02-27 22:49:50]2286,Модная прическа Филлис 4, Character ID:4
[02-27 22:49:50]2434,Стрела 02, Character ID:1
[02-27 22:49:50]2448,Порох 02, Character ID:1
[02-27 22:49:50]2499,Левая гипсовая перчатка, Character ID:1
[02-27 22:49:50]2500,Левая перчатка драчуна, Character ID:1
[02-27 22:49:50]2501,Левая перчатка мастера, Character ID:1
[02-27 22:49:50]2502,Левое зубчатое лезвие, Character ID:1
[02-27 22:49:50]2503,Левый астральный клинок, Character ID:1
[02-27 22:49:50]2504,Левая тигровая перчатка, Character ID:1
[02-27 22:49:50]2505,Левая рука смерти, Character ID:1
[02-27 22:49:50]2530,Каменный торс Гефеста, Character ID:2
[02-27 22:49:50]2531,Каменная рука Гефеста, Character ID:2
[02-27 22:49:50]2532,Каменная нога Гефеста, Character ID:2
[02-27 22:49:50]2533,Каменный торс Гермеса, Character ID:1
[02-27 22:49:50]2534,Каменная рука Гермеса, Character ID:1
[02-27 22:49:50]2535,Каменная нога Гермеса, Character ID:1
[02-27 22:49:50]2536,Каменный торс Аполлона, Character ID:1
[02-27 22:49:50]2537,Каменная рука  Аполлона, Character ID:1
[02-27 22:49:50]2538,Каменная нога  Аполлона, Character ID:1
[02-27 22:49:50]2539,Каменный торс Посейдона, Character ID:1
[02-27 22:49:50]2540,Каменная рука Посейдона, Character ID:1
[02-27 22:49:50]2541,Каменная нога Посейдона, Character ID:1
[02-27 22:49:50]2542,Каменный торс Гестии, Character ID:3
[02-27 22:49:50]2543,Каменная рука Гестии, Character ID:3
[02-27 22:49:50]2544,Каменная нога Гестии, Character ID:3
[02-27 22:49:50]2545,Каменный торс Афины, Character ID:3
[02-27 22:49:50]2546,Каменная рука Афины, Character ID:3
[02-27 22:49:50]2547,Каменная нога Афины, Character ID:3
[02-27 22:49:50]2548,Коронный камень Артемиды, Character ID:4
[02-27 22:49:50]3061,Медвежьи башмаки, Character ID:4
[02-27 22:49:50]3285,Калькулятор, Character ID:1
[02-27 22:49:50]3287,Портативный компьютер, Character ID:1
[02-27 22:49:50]5071,Большой меч кадавра, Character ID:1
[02-27 22:49:50]5074,Кинжал мертвеца, Character ID:2
[02-27 22:49:50]5081,Камзол кошмара, Character ID:1
[02-27 22:49:50]5082,Перчатки кошмара, Character ID:1
[02-27 22:49:50]5083,Сапоги кошмара, Character ID:1
[02-27 22:49:50]5209,Могучий топор Августа 1, Character ID:1
[02-27 22:49:50]5212,Кинжал Августа 1, Character ID:2
[02-27 22:49:50]5214,Могучий топор Августа 2, Character ID:1
[02-27 22:49:50]5217,Кинжал Августа 2, Character ID:2
